<?xml version="1.0" encoding="UTF-8" ?>
<testsuite errors="0" failures="1" hostname="roda" name="jamstest.MainTest" tests="1" time="30.796" timestamp="2010-08-31T08:55:25">
  <properties>
[...]
</properties>
  <testcase classname="jamstest.MainTest" name="testMain" time="30.729">
    <failure type="junit.framework.AssertionFailedError">junit.framework.AssertionFailedError: 
	at jamstest.MainTest.testMain(MainTest.java:58)
</failure>
  </testcase>
  <system-out><![CDATA[performing JAMS - Gehlberg Test
C:\Arbeit\JAMS\nbprojects\jams-test
INFO[000]: JAMS-Version : 2.10_09 (20100601)
INFO[000]: Benutzername : chris
INFO[000]: Datum/Zeit   : 31.08.10 10:55
INFO[000]: 
INFO[000]: Erzeuge Class Loader
INFO[000]: --------------------------------------------------------------------
INFO[000]: Classloader erzeugt unter Verwendung von 
INFO[000]: 	file:/C:/Arbeit/JAMS/lib/gt-api-2.5.2.jar
INFO[000]: 	file:/C:/Arbeit/JAMS/lib/j3dcore.jar
INFO[000]: 	file:/C:/Arbeit/JAMS/lib/jel.jar
INFO[000]: 	file:/C:/Arbeit/JAMS/lib/gt-mappane-2.5.5.jar
INFO[000]: 	file:/C:/Arbeit/JAMS/lib/javassist-3.6.jar
INFO[000]: 	file:/C:/Arbeit/JAMS/lib/log4j-1.2.15.jar
INFO[000]: 	file:/C:/Arbeit/JAMS/lib/activation-1.0.2.jar
INFO[000]: 	file:/C:/Arbeit/JAMS/lib/gt-epsg-wkt-2.5.2.jar
INFO[000]: 	file:/C:/Arbeit/JAMS/lib/jcommon-1.0.9.jar
INFO[000]: 	file:/C:/Arbeit/JAMS/lib/jdbc2_0-stdext.jar
INFO[000]: 	file:/C:/Arbeit/JAMS/lib/demo.jar
INFO[000]: 	file:/C:/Arbeit/JAMS/lib/gt-metadata-2.5.2.jar
INFO[000]: 	file:/C:/Arbeit/JAMS/lib/gt-arcgrid-2.5.2.jar
INFO[000]: 	file:/C:/Arbeit/JAMS/lib/jams-democomponents.jar
INFO[000]: 	file:/C:/Arbeit/JAMS/lib/sigar.jar
INFO[000]: 	file:/C:/Arbeit/JAMS/lib/jts-1.9.jar
INFO[000]: 	file:/C:/Arbeit/JAMS/lib/Jama-1.0.2.jar
INFO[000]: 	file:/C:/Arbeit/JAMS/lib/gt-main-2.5.2.jar
INFO[000]: 	file:/C:/Arbeit/JAMS/lib/jai_codec.jar
INFO[000]: 	file:/C:/Arbeit/JAMS/lib/concurrent-1.3.jar
INFO[000]: 	file:/C:/Arbeit/JAMS/lib/gt-libraryJTS-2.5.2.jar
INFO[000]: 	file:/C:/Arbeit/JAMS/lib/junit-4.4.jar
INFO[000]: 	file:/C:/Arbeit/JAMS/lib/Thornthwaite.jar
INFO[000]: 	file:/C:/Arbeit/JAMS/lib/jgroups-all-2.6.jar
INFO[000]: 	file:/C:/Arbeit/JAMS/lib/forms.jar
INFO[000]: 	file:/C:/Arbeit/JAMS/lib/gluegen-rt.jar
INFO[000]: 	file:/C:/Arbeit/JAMS/lib/mail-1.4.1.jar
INFO[000]: 	file:/C:/Arbeit/JAMS/lib/jscience.jar
INFO[000]: 	file:/C:/Arbeit/JAMS/lib/jta-spec1_0_1.jar
INFO[000]: 	file:/C:/Arbeit/JAMS/lib/vecmath.jar
INFO[000]: 	file:/C:/Arbeit/JAMS/lib/jboss-serialization-1.0.2.jar
INFO[000]: 	file:/C:/Arbeit/JAMS/lib/jams-start.jar
INFO[000]: 	file:/C:/Arbeit/JAMS/lib/jnpserver-4.0.4.jar
INFO[000]: 	file:/C:/Arbeit/JAMS/lib/gt-shapefile-renderer-2.5.2.jar
INFO[000]: 	file:/C:/Arbeit/JAMS/lib/postgresql-8.2-506.jdbc4.jar
INFO[000]: 	file:/C:/Arbeit/JAMS/lib/looks-2.1.3.jar
INFO[000]: 	file:/C:/Arbeit/JAMS/lib/aspectjrt-1.5.3.jar
INFO[000]: 	file:/C:/Arbeit/JAMS/lib/jai_core.jar
INFO[000]: 	file:/C:/Arbeit/JAMS/lib/juice-starter.jar
INFO[000]: 	file:/C:/Arbeit/JAMS/lib/gt-legacy-2.5.2.jar
INFO[000]: 	file:/C:/Arbeit/JAMS/lib/jams-main.jar
INFO[000]: 	file:/C:/Arbeit/JAMS/lib/swingx.jar
INFO[000]: 	file:/C:/Arbeit/JAMS/lib/gt-cql-2.5.2.jar
INFO[000]: 	file:/C:/Arbeit/JAMS/lib/JAMSParallel.jar
INFO[000]: 	file:/C:/Arbeit/JAMS/lib/spring-2.0.jar
INFO[000]: 	file:/C:/Arbeit/JAMS/lib/geonames-1.0.jar
INFO[000]: 	file:/C:/Arbeit/JAMS/lib/StartApp.jar
INFO[000]: 	file:/C:/Arbeit/JAMS/lib/gridgain-2.0.3.jar
INFO[000]: 	file:/C:/Arbeit/JAMS/lib/commons-math-1.2.jar
INFO[000]: 	file:/C:/Arbeit/JAMS/lib/jams-components.jar
INFO[000]: 	file:/C:/Arbeit/JAMS/lib/commons-beanutils-1.7.0.jar
INFO[000]: 	file:/C:/Arbeit/JAMS/lib/jdom-1.0.jar
INFO[000]: 	file:/C:/Arbeit/JAMS/lib/jfreechart-1.0.5.jar
INFO[000]: 	file:/C:/Arbeit/JAMS/lib/j2000.jar
INFO[000]: 	file:/C:/Arbeit/JAMS/lib/gt-referencing-2.5.2.jar
INFO[000]: 	file:/C:/Arbeit/JAMS/lib/vecmath-1.3.1.jar
INFO[000]: 	file:/C:/Arbeit/JAMS/lib/commons-logging-1.1.jar
INFO[000]: 	file:/C:/Arbeit/JAMS/lib/gt-geotiff-2.5.2.jar
INFO[000]: 	file:/C:/Arbeit/JAMS/lib/J2000g.jar
INFO[000]: 	file:/C:/Arbeit/JAMS/lib/gt-coverage-2.5.2.jar
INFO[000]: 	file:/C:/Arbeit/JAMS/lib/h2-1.1.106.jar
INFO[000]: 	file:/C:/Arbeit/JAMS/lib/gt-referencing3D-2.5.2.jar
INFO[000]: 	file:/C:/Arbeit/JAMS/lib/aspectjweaver-1.5.3.jar
INFO[000]: 	file:/C:/Arbeit/JAMS/lib/worldwind.jar
INFO[000]: 	file:/C:/Arbeit/JAMS/lib/jogl.jar
INFO[000]: 	file:/C:/Arbeit/JAMS/lib/KMLViewer.jar
INFO[000]: 	file:/C:/Arbeit/JAMS/lib/ngmf.jar
INFO[000]: 	file:/C:/Arbeit/JAMS/lib/wizard.jar
INFO[000]: 	file:/C:/Arbeit/JAMS/lib/balloontip_2008-10-10.jar
INFO[000]: 	file:/C:/Arbeit/JAMS/lib/gt-epsg-extension-2.5.2.jar
INFO[000]: 	file:/C:/Arbeit/JAMS/lib/J2K_SN.jar
INFO[000]: 	file:/C:/Arbeit/JAMS/lib/gt-shapefile-2.5.2.jar
INFO[000]: 	file:/C:/Arbeit/JAMS/lib/jams-starter.jar
INFO[000]: 	file:/C:/Arbeit/JAMS/lib/trove-1.0.2.jar
INFO[000]: 	file:/C:/Arbeit/JAMS/lib/mysql-connector-java-5.1.13-bin.jar
INFO[000]: 	file:/C:/Arbeit/JAMS/lib/commons-pool-1.3.jar
INFO[000]: 	file:/C:/Arbeit/JAMS/lib/jai_imageio-1.1.jar
INFO[000]: 	file:/C:/Arbeit/JAMS/lib/gt-data-2.5.2.jar
INFO[000]: 	file:/C:/Arbeit/JAMS/lib/swing-layout-1.0.3.jar
INFO[000]: 	file:/C:/Arbeit/JAMS/lib/units-0.01.jar
INFO[000]: 	file:/C:/Arbeit/JAMS/lib/tidy-04aug2000-r7.jar
INFO[000]: 	file:/C:/Arbeit/JAMS/lib/libgeowind.jar
INFO[000]: 	file:/C:/Arbeit/JAMS/lib/common-2.2.1.jar
INFO[000]: 	file:/C:/Arbeit/JAMS/lib/jai_codec-1.1.3.jar
INFO[000]: 	file:/C:/Arbeit/JAMS/lib/edtftpj-1.5.6.jar
INFO[000]: 	file:/C:/Arbeit/JAMS/lib/bcel-5.1.jar
INFO[000]: 	file:/C:/Arbeit/JAMS/lib/JAMSGridEventFilter.jar
INFO[000]: 	file:/C:/Arbeit/JAMS/lib/openmap.jar
INFO[000]: 	file:/C:/Arbeit/JAMS/lib/jamsremote-starter.jar
INFO[000]: 	file:/C:/Arbeit/JAMS/lib/gt-render-2.5.2.jar
INFO[000]: 	file:/C:/Arbeit/JAMS/lib/xswingx.jar
INFO[000]: 	file:/C:/Arbeit/JAMS/lib/commons-logging-1.1.1.jar
INFO[000]: 	file:/C:/Arbeit/JAMS/lib/geoapi-2.2-M1.jar
INFO[000]: 	file:/C:/Arbeit/JAMS/lib/jms-1.1.jar
INFO[000]: 	file:/C:/Arbeit/JAMS/lib/jsr-275-1.0-beta-2.jar
INFO[000]: 	file:/C:/Arbeit/JAMS/lib/xmlgraphics-commons-1.3.1.jar
INFO[000]: 	file:/C:/Arbeit/JAMS/lib/jams-remote.jar
INFO[000]: 	file:/C:/Arbeit/JAMS/lib/jakarta-oro-2.0.8.jar
INFO[000]: 	file:/C:/Arbeit/JAMS/lib/j3dutils.jar
INFO[000]: 
INFO[000]: Lade Modell
INFO[000]: Kein Arbeitsverzeichnis definiert, fahre ohne fort!
INFO[000]: --------------------------------------------------------------------
INFO[000]: Modell             : J2K
INFO[000]: Arbeitsverzeichnis : 
INFO[000]: Autor              : Peter Krause
INFO[000]: Modelldatum        : 2006-01-31 00:00
INFO[000]: 
INFO[000]: ParameterInput [classID=001, className=jams.model.JAMSContext]
INFO[000]: EntityReader [classID=002, className=org.unijena.j2k.io.StandardEntityReader]
INFO[000]:      reachFileName [class=jams.data.Attribute$String, access=READ, connection=value]
INFO[000]:      hruFileName [class=jams.data.Attribute$String, access=READ, connection=value]
INFO[000]:      hrus [class=jams.data.Attribute$EntityCollection, access=WRITE, connection=link]
INFO[000]:      reaches [class=jams.data.Attribute$EntityCollection, access=WRITE, connection=link]
INFO[000]: LUReader [classID=003, className=org.unijena.j2k.io.StandardLUReader]
INFO[000]:      luFileName [class=jams.data.JAMSString, access=READ, connection=value]
INFO[000]:      hrus [class=jams.data.JAMSEntityCollection, access=READ, connection=link]
INFO[000]: STReader [classID=004, className=org.unijena.j2k.io.StandardSoilParaReader]
INFO[000]:      stFileName [class=jams.data.JAMSString, access=READ, connection=value]
INFO[000]:      hrus [class=jams.data.JAMSEntityCollection, access=READ, connection=link]
INFO[000]: GWReader [classID=005, className=org.unijena.j2k.io.StandardGroundwaterParaReader]
INFO[000]:      gwFileName [class=jams.data.JAMSString, access=READ, connection=value]
INFO[000]:      hrus [class=jams.data.JAMSEntityCollection, access=READ, connection=link]
INFO[000]: Initialization [classID=001, className=jams.model.JAMSContext]
INFO[000]: CatchmentInit [classID=006, className=jams.model.JAMSSpatialContext]
INFO[000]:      entities [class=jams.data.Attribute$EntityCollection, access=READ, connection=link]
INFO[000]: AreaCalculator [classID=007, className=org.unijena.j2k.aggregate.SumAggregator]
INFO[000]:      value [class=[Ljams.data.JAMSDouble;, access=READ, connection=link]
INFO[000]:      sum [class=[Ljams.data.JAMSDouble;, access=READWRITE, connection=link]
INFO[000]: HRUInit [classID=006, className=jams.model.JAMSSpatialContext]
INFO[000]:      entities [class=jams.data.Attribute$EntityCollection, access=READ, connection=link]
INFO[000]: AreaWeight [classID=008, className=org.unijena.j2k.CalcAreaWeight]
INFO[000]:      entityArea [class=jams.data.JAMSDouble, access=READ, connection=link]
INFO[000]:      areaWeight [class=jams.data.JAMSDouble, access=WRITE, connection=link]
INFO[000]:      catchmentArea [class=jams.data.JAMSDouble, access=READ, connection=link]
INFO[000]: CalcLatLong [classID=009, className=org.unijena.j2k.geographicalCalculations.CalcLatLong]
INFO[000]:      aspect [class=jams.data.JAMSDouble, access=READ, connection=link]
INFO[000]:      slope [class=jams.data.JAMSDouble, access=READ, connection=link]
INFO[000]:      projection [class=jams.data.JAMSString, access=READ, connection=value]
INFO[000]:      slAsCfArray [class=jams.data.JAMSDoubleArray, access=WRITE, connection=link]
INFO[000]:      longitude [class=jams.data.JAMSDouble, access=WRITE, connection=link]
INFO[000]:      latitude [class=jams.data.JAMSDouble, access=WRITE, connection=link]
INFO[000]:      y [class=jams.data.JAMSDouble, access=READ, connection=link]
INFO[000]:      x [class=jams.data.JAMSDouble, access=READ, connection=link]
INFO[000]: CalcLanduseStateVars [classID=010, className=org.unijena.j2k.inputData.CalcLanduseStateVars]
INFO[000]:      effHArray [class=jams.data.JAMSDoubleArray, access=WRITE, connection=link]
INFO[000]:      elevation [class=jams.data.JAMSDouble, access=READ, connection=link]
INFO[000]:      LAIArray [class=jams.data.JAMSDoubleArray, access=WRITE, connection=link]
INFO[000]:      rsc0Array [class=jams.data.JAMSDoubleArray, access=WRITE, connection=link]
INFO[000]:      entities [class=jams.data.JAMSEntityCollection, access=READ, connection=link]
INFO[000]: ExtRad [classID=011, className=org.unijena.j2k.radiation.CalcUniformExtraterrRadiation]
INFO[000]:      locGrw [class=jams.data.JAMSString, access=READ, connection=value]
INFO[000]:      extRadArray [class=jams.data.JAMSDoubleArray, access=WRITE, connection=link]
INFO[000]:      longitude [class=jams.data.JAMSDouble, access=READ, connection=value]
INFO[000]:      latitude [class=jams.data.JAMSDouble, access=READ, connection=value]
INFO[000]:      tempRes [class=jams.data.JAMSString, access=READ, connection=value]
INFO[000]:      longTZ [class=jams.data.JAMSDouble, access=READ, connection=value]
INFO[000]: InitSoilWater [classID=012, className=org.unijena.j2k.soilWater.InitJ2KProcessLumpedSoilWaterStates]
INFO[000]:      ACAdaptation [class=jams.data.JAMSDouble, access=READ, connection=value]
INFO[000]:      actLPS [class=jams.data.JAMSDouble, access=WRITE, connection=link]
INFO[000]:      FCAdaptation [class=jams.data.JAMSDouble, access=READ, connection=value]
INFO[000]:      maxMPS [class=jams.data.JAMSDouble, access=WRITE, connection=link]
INFO[000]:      entities [class=jams.data.JAMSEntityCollection, access=READ, connection=link]
INFO[000]:      rootDepth [class=jams.data.JAMSDouble, access=READ, connection=link]
INFO[000]:      maxLPS [class=jams.data.JAMSDouble, access=WRITE, connection=link]
INFO[000]:      area [class=jams.data.JAMSDouble, access=READ, connection=link]
INFO[000]:      satSoil [class=jams.data.JAMSDouble, access=WRITE, connection=link]
INFO[000]:      actMPS [class=jams.data.JAMSDouble, access=WRITE, connection=link]
INFO[000]:      satMPS [class=jams.data.JAMSDouble, access=WRITE, connection=link]
INFO[000]:      satLPS [class=jams.data.JAMSDouble, access=WRITE, connection=link]
INFO[000]: InitGroundWater [classID=013, className=org.unijena.j2k.groundwater.InitJ2KProcessGroundwater]
INFO[000]:      area [class=jams.data.JAMSDouble, access=READ, connection=link]
INFO[000]:      actRG2 [class=jams.data.JAMSDouble, access=WRITE, connection=link]
INFO[000]:      actRG1 [class=jams.data.JAMSDouble, access=WRITE, connection=link]
INFO[000]:      maxRG2 [class=jams.data.JAMSDouble, access=WRITE, connection=link]
INFO[000]:      maxRG1 [class=jams.data.JAMSDouble, access=WRITE, connection=link]
INFO[000]:      initRG1 [class=jams.data.JAMSDouble, access=READ, connection=value]
INFO[000]:      initRG2 [class=jams.data.JAMSDouble, access=READ, connection=value]
INFO[000]:      entities [class=jams.data.JAMSEntityCollection, access=READ, connection=link]
INFO[000]: tminWeights [classID=014, className=org.unijena.j2k.regionalisation.IDWWeightCalculator]
INFO[000]:      pidw [class=jams.data.JAMSDouble, access=READ, connection=value]
INFO[000]:      entityX [class=jams.data.JAMSDouble, access=READ, connection=link]
INFO[000]:      statOrder [class=jams.data.JAMSIntegerArray, access=WRITE, connection=link]
INFO[000]:      entityY [class=jams.data.JAMSDouble, access=READ, connection=link]
INFO[000]:      statWeights [class=jams.data.JAMSDoubleArray, access=WRITE, connection=link]
INFO[000]:      dataStoreID [class=jams.data.JAMSString, access=READ, connection=value]
INFO[000]: tmeanWeights [classID=014, className=org.unijena.j2k.regionalisation.IDWWeightCalculator]
INFO[000]:      pidw [class=jams.data.JAMSDouble, access=READ, connection=value]
INFO[000]:      entityX [class=jams.data.JAMSDouble, access=READ, connection=link]
INFO[000]:      statOrder [class=jams.data.JAMSIntegerArray, access=WRITE, connection=link]
INFO[000]:      entityY [class=jams.data.JAMSDouble, access=READ, connection=link]
INFO[000]:      statWeights [class=jams.data.JAMSDoubleArray, access=WRITE, connection=link]
INFO[000]:      dataStoreID [class=jams.data.JAMSString, access=READ, connection=value]
INFO[000]: tmaxWeights [classID=014, className=org.unijena.j2k.regionalisation.IDWWeightCalculator]
INFO[000]:      pidw [class=jams.data.JAMSDouble, access=READ, connection=value]
INFO[000]:      entityX [class=jams.data.JAMSDouble, access=READ, connection=link]
INFO[000]:      statOrder [class=jams.data.JAMSIntegerArray, access=WRITE, connection=link]
INFO[000]:      entityY [class=jams.data.JAMSDouble, access=READ, connection=link]
INFO[000]:      statWeights [class=jams.data.JAMSDoubleArray, access=WRITE, connection=link]
INFO[000]:      dataStoreID [class=jams.data.JAMSString, access=READ, connection=value]
INFO[000]: ahumWeights [classID=014, className=org.unijena.j2k.regionalisation.IDWWeightCalculator]
INFO[000]:      pidw [class=jams.data.JAMSDouble, access=READ, connection=value]
INFO[000]:      entityX [class=jams.data.JAMSDouble, access=READ, connection=link]
INFO[000]:      statOrder [class=jams.data.JAMSIntegerArray, access=WRITE, connection=link]
INFO[000]:      entityY [class=jams.data.JAMSDouble, access=READ, connection=link]
INFO[000]:      statWeights [class=jams.data.JAMSDoubleArray, access=WRITE, connection=link]
INFO[000]:      dataStoreID [class=jams.data.JAMSString, access=READ, connection=value]
INFO[000]: sunhWeights [classID=014, className=org.unijena.j2k.regionalisation.IDWWeightCalculator]
INFO[000]:      pidw [class=jams.data.JAMSDouble, access=READ, connection=value]
INFO[000]:      entityX [class=jams.data.JAMSDouble, access=READ, connection=link]
INFO[000]:      statOrder [class=jams.data.JAMSIntegerArray, access=WRITE, connection=link]
INFO[000]:      entityY [class=jams.data.JAMSDouble, access=READ, connection=link]
INFO[000]:      statWeights [class=jams.data.JAMSDoubleArray, access=WRITE, connection=link]
INFO[000]:      dataStoreID [class=jams.data.JAMSString, access=READ, connection=value]
INFO[000]: windWeights [classID=014, className=org.unijena.j2k.regionalisation.IDWWeightCalculator]
INFO[000]:      pidw [class=jams.data.JAMSDouble, access=READ, connection=value]
INFO[000]:      entityX [class=jams.data.JAMSDouble, access=READ, connection=link]
INFO[000]:      statOrder [class=jams.data.JAMSIntegerArray, access=WRITE, connection=link]
INFO[000]:      entityY [class=jams.data.JAMSDouble, access=READ, connection=link]
INFO[000]:      statWeights [class=jams.data.JAMSDoubleArray, access=WRITE, connection=link]
INFO[000]:      dataStoreID [class=jams.data.JAMSString, access=READ, connection=value]
INFO[000]: precipWeights [classID=014, className=org.unijena.j2k.regionalisation.IDWWeightCalculator]
INFO[000]:      pidw [class=jams.data.JAMSDouble, access=READ, connection=value]
INFO[000]:      entityX [class=jams.data.JAMSDouble, access=READ, connection=link]
INFO[000]:      statOrder [class=jams.data.JAMSIntegerArray, access=WRITE, connection=link]
INFO[000]:      entityY [class=jams.data.JAMSDouble, access=READ, connection=link]
INFO[000]:      statWeights [class=jams.data.JAMSDoubleArray, access=WRITE, connection=link]
INFO[000]:      dataStoreID [class=jams.data.JAMSString, access=READ, connection=value]
INFO[000]: TimeLoop [classID=015, className=jams.model.JAMSTemporalContext]
INFO[000]:      timeInterval [class=jams.data.JAMSTimeInterval, access=READ, connection=link]
INFO[000]:      current [class=jams.data.Attribute$Calendar, access=WRITE, connection=link]
INFO[000]: ExecutionInfo [classID=016, className=jams.components.gui.JAMSExecInfo]
INFO[000]: CatchmentResetter [classID=017, className=org.unijena.j2k.DoubleSetter]
INFO[000]:      value [class=jams.data.JAMSDouble, access=READ, connection=value]
INFO[000]:      attributes [class=[Ljams.data.JAMSDouble;, access=WRITE, connection=link]
INFO[000]: TSInput [classID=001, className=jams.model.JAMSContext]
INFO[000]: TmeanDataReader [classID=018, className=jams.components.io.TSDataStoreReader]
INFO[000]:      id [class=jams.data.JAMSString, access=READ, connection=value]
INFO[000]:      dataCaching [class=jams.data.JAMSInteger, access=READ, connection=link]
INFO[000]:      xCoord [class=jams.data.JAMSDoubleArray, access=WRITE, connection=link]
INFO[000]:      dataArray [class=jams.data.JAMSDoubleArray, access=WRITE, connection=link]
INFO[000]:      timeInterval [class=jams.data.JAMSTimeInterval, access=READ, connection=link]
INFO[000]:      regCoeff [class=jams.data.JAMSDoubleArray, access=WRITE, connection=link]
INFO[000]:      elevation [class=jams.data.JAMSDoubleArray, access=WRITE, connection=link]
INFO[000]:      dataSetName [class=jams.data.JAMSString, access=WRITE, connection=link]
INFO[000]:      yCoord [class=jams.data.JAMSDoubleArray, access=WRITE, connection=link]
INFO[000]: TminDataReader [classID=018, className=jams.components.io.TSDataStoreReader]
INFO[000]:      id [class=jams.data.JAMSString, access=READ, connection=value]
INFO[000]:      dataCaching [class=jams.data.JAMSInteger, access=READ, connection=link]
INFO[000]:      xCoord [class=jams.data.JAMSDoubleArray, access=WRITE, connection=link]
INFO[000]:      dataArray [class=jams.data.JAMSDoubleArray, access=WRITE, connection=link]
INFO[000]:      timeInterval [class=jams.data.JAMSTimeInterval, access=READ, connection=link]
INFO[000]:      regCoeff [class=jams.data.JAMSDoubleArray, access=WRITE, connection=link]
INFO[000]:      elevation [class=jams.data.JAMSDoubleArray, access=WRITE, connection=link]
INFO[000]:      dataSetName [class=jams.data.JAMSString, access=WRITE, connection=link]
INFO[000]:      yCoord [class=jams.data.JAMSDoubleArray, access=WRITE, connection=link]
INFO[000]: TmaxDataReader [classID=018, className=jams.components.io.TSDataStoreReader]
INFO[000]:      id [class=jams.data.JAMSString, access=READ, connection=value]
INFO[000]:      dataCaching [class=jams.data.JAMSInteger, access=READ, connection=link]
INFO[000]:      xCoord [class=jams.data.JAMSDoubleArray, access=WRITE, connection=link]
INFO[000]:      dataArray [class=jams.data.JAMSDoubleArray, access=WRITE, connection=link]
INFO[000]:      timeInterval [class=jams.data.JAMSTimeInterval, access=READ, connection=link]
INFO[000]:      regCoeff [class=jams.data.JAMSDoubleArray, access=WRITE, connection=link]
INFO[000]:      elevation [class=jams.data.JAMSDoubleArray, access=WRITE, connection=link]
INFO[000]:      dataSetName [class=jams.data.JAMSString, access=WRITE, connection=link]
INFO[000]:      yCoord [class=jams.data.JAMSDoubleArray, access=WRITE, connection=link]
INFO[000]: AhumDataReader [classID=018, className=jams.components.io.TSDataStoreReader]
INFO[000]:      id [class=jams.data.JAMSString, access=READ, connection=value]
INFO[000]:      dataCaching [class=jams.data.JAMSInteger, access=READ, connection=link]
INFO[000]:      xCoord [class=jams.data.JAMSDoubleArray, access=WRITE, connection=link]
INFO[000]:      dataArray [class=jams.data.JAMSDoubleArray, access=WRITE, connection=link]
INFO[000]:      timeInterval [class=jams.data.JAMSTimeInterval, access=READ, connection=link]
INFO[000]:      regCoeff [class=jams.data.JAMSDoubleArray, access=WRITE, connection=link]
INFO[000]:      elevation [class=jams.data.JAMSDoubleArray, access=WRITE, connection=link]
INFO[000]:      dataSetName [class=jams.data.JAMSString, access=WRITE, connection=link]
INFO[000]:      yCoord [class=jams.data.JAMSDoubleArray, access=WRITE, connection=link]
INFO[000]: PrecipDataReader [classID=018, className=jams.components.io.TSDataStoreReader]
INFO[000]:      id [class=jams.data.JAMSString, access=READ, connection=value]
INFO[000]:      dataCaching [class=jams.data.JAMSInteger, access=READ, connection=link]
INFO[000]:      xCoord [class=jams.data.JAMSDoubleArray, access=WRITE, connection=link]
INFO[000]:      dataArray [class=jams.data.JAMSDoubleArray, access=WRITE, connection=link]
INFO[000]:      timeInterval [class=jams.data.JAMSTimeInterval, access=READ, connection=link]
INFO[000]:      regCoeff [class=jams.data.JAMSDoubleArray, access=WRITE, connection=link]
INFO[000]:      elevation [class=jams.data.JAMSDoubleArray, access=WRITE, connection=link]
INFO[000]:      dataSetName [class=jams.data.JAMSString, access=WRITE, connection=link]
INFO[000]:      yCoord [class=jams.data.JAMSDoubleArray, access=WRITE, connection=link]
INFO[000]: SunhDataReader [classID=018, className=jams.components.io.TSDataStoreReader]
INFO[000]:      id [class=jams.data.JAMSString, access=READ, connection=value]
INFO[000]:      dataCaching [class=jams.data.JAMSInteger, access=READ, connection=link]
INFO[000]:      xCoord [class=jams.data.JAMSDoubleArray, access=WRITE, connection=link]
INFO[000]:      dataArray [class=jams.data.JAMSDoubleArray, access=WRITE, connection=link]
INFO[000]:      timeInterval [class=jams.data.JAMSTimeInterval, access=READ, connection=link]
INFO[000]:      regCoeff [class=jams.data.JAMSDoubleArray, access=WRITE, connection=link]
INFO[000]:      elevation [class=jams.data.JAMSDoubleArray, access=WRITE, connection=link]
INFO[000]:      dataSetName [class=jams.data.JAMSString, access=WRITE, connection=link]
INFO[000]:      yCoord [class=jams.data.JAMSDoubleArray, access=WRITE, connection=link]
INFO[000]: RCRichter [classID=019, className=org.unijena.j2k.inputData.RainCorrectionRichter]
INFO[000]:      snow_trs [class=jams.data.JAMSDouble, access=READ, connection=link]
INFO[000]:      regThres [class=jams.data.JAMSDouble, access=READ, connection=value]
INFO[000]:      dataCaching [class=jams.data.JAMSInteger, access=READ, connection=link]
INFO[000]:      tempElevation [class=jams.data.JAMSDoubleArray, access=READ, connection=link]
INFO[000]:      tempXCoord [class=jams.data.JAMSDoubleArray, access=READ, connection=link]
INFO[000]:      rainElevation [class=jams.data.JAMSDoubleArray, access=READ, connection=link]
INFO[000]:      rcorr [class=jams.data.JAMSDoubleArray, access=WRITE, connection=link]
INFO[000]:      tempRegCoeff [class=jams.data.JAMSDoubleArray, access=READ, connection=link]
INFO[000]:      tempYCoord [class=jams.data.JAMSDoubleArray, access=READ, connection=link]
INFO[000]:      temperature [class=jams.data.JAMSDoubleArray, access=READ, connection=link]
INFO[000]:      snow_trans [class=jams.data.JAMSDouble, access=READ, connection=link]
INFO[000]:      time [class=jams.data.JAMSCalendar, access=READ, connection=link]
INFO[000]:      precip [class=jams.data.JAMSDoubleArray, access=READ, connection=link]
INFO[000]:      tempNIDW [class=jams.data.JAMSInteger, access=READ, connection=value]
INFO[000]:      pIDW [class=jams.data.JAMSDouble, access=READ, connection=value]
INFO[000]:      rainXCoord [class=jams.data.JAMSDoubleArray, access=READ, connection=link]
INFO[000]:      rainYCoord [class=jams.data.JAMSDoubleArray, access=READ, connection=link]
INFO[000]: WindDataReader [classID=018, className=jams.components.io.TSDataStoreReader]
INFO[000]:      id [class=jams.data.JAMSString, access=READ, connection=value]
INFO[000]:      dataCaching [class=jams.data.JAMSInteger, access=READ, connection=link]
INFO[000]:      xCoord [class=jams.data.JAMSDoubleArray, access=WRITE, connection=link]
INFO[000]:      dataArray [class=jams.data.JAMSDoubleArray, access=WRITE, connection=link]
INFO[000]:      timeInterval [class=jams.data.JAMSTimeInterval, access=READ, connection=link]
INFO[000]:      regCoeff [class=jams.data.JAMSDoubleArray, access=WRITE, connection=link]
INFO[000]:      elevation [class=jams.data.JAMSDoubleArray, access=WRITE, connection=link]
INFO[000]:      dataSetName [class=jams.data.JAMSString, access=WRITE, connection=link]
INFO[000]:      yCoord [class=jams.data.JAMSDoubleArray, access=WRITE, connection=link]
INFO[000]: ObsRunoffDataReader [classID=018, className=jams.components.io.TSDataStoreReader]
INFO[000]:      id [class=jams.data.JAMSString, access=READ, connection=value]
INFO[000]:      dataCaching [class=jams.data.JAMSInteger, access=READ, connection=link]
INFO[000]:      xCoord [class=jams.data.JAMSDoubleArray, access=WRITE, connection=link]
INFO[000]:      dataArray [class=jams.data.JAMSDoubleArray, access=WRITE, connection=link]
INFO[000]:      timeInterval [class=jams.data.JAMSTimeInterval, access=READ, connection=link]
INFO[000]:      regCoeff [class=jams.data.JAMSDoubleArray, access=WRITE, connection=link]
INFO[000]:      elevation [class=jams.data.JAMSDoubleArray, access=WRITE, connection=link]
INFO[000]:      dataSetName [class=jams.data.JAMSString, access=WRITE, connection=link]
INFO[000]:      yCoord [class=jams.data.JAMSDoubleArray, access=WRITE, connection=link]
INFO[000]: HRULoop [classID=006, className=jams.model.JAMSSpatialContext]
INFO[000]:      entities [class=jams.data.Attribute$EntityCollection, access=READ, connection=link]
INFO[000]: Regionalization [classID=001, className=jams.model.JAMSContext]
INFO[000]: j2kArrayGrabber [classID=020, className=org.unijena.j2k.J2KArrayGrabber]
INFO[000]:      effHArray [class=jams.data.JAMSDoubleArray, access=READ, connection=link]
INFO[000]:      actRsc0 [class=jams.data.JAMSDouble, access=WRITE, connection=link]
INFO[000]:      rsc0Array [class=jams.data.JAMSDoubleArray, access=READ, connection=link]
INFO[000]:      actEffH [class=jams.data.JAMSDouble, access=WRITE, connection=link]
INFO[000]:      actExtRad [class=jams.data.JAMSDouble, access=WRITE, connection=link]
INFO[000]:      time [class=jams.data.JAMSCalendar, access=READ, connection=link]
INFO[000]:      actSlAsCf [class=jams.data.JAMSDouble, access=WRITE, connection=link]
INFO[000]:      extRadArray [class=jams.data.JAMSDoubleArray, access=READ, connection=link]
INFO[000]:      slAsCfArray [class=jams.data.JAMSDoubleArray, access=READ, connection=link]
INFO[000]:      actLAI [class=jams.data.JAMSDouble, access=WRITE, connection=link]
INFO[000]:      LAIArray [class=jams.data.JAMSDoubleArray, access=READ, connection=link]
INFO[000]:      tempRes [class=jams.data.JAMSString, access=READ, connection=value]
INFO[000]: TmeanRegionaliser [classID=021, className=org.unijena.j2k.regionalisation.Regionalisation]
INFO[000]:      dataCaching [class=jams.data.JAMSInteger, access=READ, connection=link]
INFO[000]:      dataArray [class=jams.data.JAMSDoubleArray, access=READ, connection=link]
INFO[000]:      regCoeff [class=jams.data.JAMSDoubleArray, access=READ, connection=link]
INFO[000]:      rsqThreshold [class=jams.data.JAMSDouble, access=READ, connection=value]
INFO[000]:      statWeights [class=jams.data.JAMSDoubleArray, access=READ, connection=link]
INFO[000]:      dataValue [class=jams.data.JAMSDouble, access=WRITE, connection=link]
INFO[000]:      elevationCorrection [class=jams.data.JAMSBoolean, access=READ, connection=value]
INFO[000]:      statElevation [class=jams.data.JAMSDoubleArray, access=READ, connection=link]
INFO[000]:      nidw [class=jams.data.JAMSInteger, access=READ, connection=value]
INFO[000]:      entityElevation [class=jams.data.JAMSDouble, access=READ, connection=link]
INFO[000]:      fixedMinimum [class=jams.data.JAMSDouble, access=READ, connection=value]
INFO[000]:      statOrder [class=jams.data.JAMSIntegerArray, access=READ, connection=link]
INFO[000]: TminRegionaliser [classID=021, className=org.unijena.j2k.regionalisation.Regionalisation]
INFO[000]:      dataCaching [class=jams.data.JAMSInteger, access=READ, connection=link]
INFO[000]:      dataArray [class=jams.data.JAMSDoubleArray, access=READ, connection=link]
INFO[000]:      regCoeff [class=jams.data.JAMSDoubleArray, access=READ, connection=link]
INFO[000]:      rsqThreshold [class=jams.data.JAMSDouble, access=READ, connection=value]
INFO[000]:      statWeights [class=jams.data.JAMSDoubleArray, access=READ, connection=link]
INFO[000]:      dataValue [class=jams.data.JAMSDouble, access=WRITE, connection=link]
INFO[000]:      elevationCorrection [class=jams.data.JAMSBoolean, access=READ, connection=value]
INFO[000]:      statElevation [class=jams.data.JAMSDoubleArray, access=READ, connection=link]
INFO[000]:      nidw [class=jams.data.JAMSInteger, access=READ, connection=value]
INFO[000]:      entityElevation [class=jams.data.JAMSDouble, access=READ, connection=link]
INFO[000]:      fixedMinimum [class=jams.data.JAMSDouble, access=READ, connection=value]
INFO[000]:      statOrder [class=jams.data.JAMSIntegerArray, access=READ, connection=link]
INFO[000]: TmaxRegionaliser [classID=021, className=org.unijena.j2k.regionalisation.Regionalisation]
INFO[000]:      dataCaching [class=jams.data.JAMSInteger, access=READ, connection=link]
INFO[000]:      dataArray [class=jams.data.JAMSDoubleArray, access=READ, connection=link]
INFO[000]:      regCoeff [class=jams.data.JAMSDoubleArray, access=READ, connection=link]
INFO[000]:      rsqThreshold [class=jams.data.JAMSDouble, access=READ, connection=value]
INFO[000]:      statWeights [class=jams.data.JAMSDoubleArray, access=READ, connection=link]
INFO[000]:      dataValue [class=jams.data.JAMSDouble, access=WRITE, connection=link]
INFO[000]:      elevationCorrection [class=jams.data.JAMSBoolean, access=READ, connection=value]
INFO[000]:      statElevation [class=jams.data.JAMSDoubleArray, access=READ, connection=link]
INFO[000]:      nidw [class=jams.data.JAMSInteger, access=READ, connection=value]
INFO[000]:      entityElevation [class=jams.data.JAMSDouble, access=READ, connection=link]
INFO[000]:      fixedMinimum [class=jams.data.JAMSDouble, access=READ, connection=value]
INFO[000]:      statOrder [class=jams.data.JAMSIntegerArray, access=READ, connection=link]
INFO[000]: AhumRegionaliser [classID=021, className=org.unijena.j2k.regionalisation.Regionalisation]
INFO[000]:      dataCaching [class=jams.data.JAMSInteger, access=READ, connection=link]
INFO[000]:      dataArray [class=jams.data.JAMSDoubleArray, access=READ, connection=link]
INFO[000]:      regCoeff [class=jams.data.JAMSDoubleArray, access=READ, connection=link]
INFO[000]:      rsqThreshold [class=jams.data.JAMSDouble, access=READ, connection=value]
INFO[000]:      statWeights [class=jams.data.JAMSDoubleArray, access=READ, connection=link]
INFO[000]:      dataValue [class=jams.data.JAMSDouble, access=WRITE, connection=link]
INFO[000]:      elevationCorrection [class=jams.data.JAMSBoolean, access=READ, connection=value]
INFO[000]:      statElevation [class=jams.data.JAMSDoubleArray, access=READ, connection=link]
INFO[000]:      nidw [class=jams.data.JAMSInteger, access=READ, connection=value]
INFO[000]:      entityElevation [class=jams.data.JAMSDouble, access=READ, connection=link]
INFO[000]:      fixedMinimum [class=jams.data.JAMSDouble, access=READ, connection=value]
INFO[000]:      statOrder [class=jams.data.JAMSIntegerArray, access=READ, connection=link]
INFO[000]: PrecipRegionaliser [classID=021, className=org.unijena.j2k.regionalisation.Regionalisation]
INFO[000]:      dataCaching [class=jams.data.JAMSInteger, access=READ, connection=link]
INFO[000]:      dataArray [class=jams.data.JAMSDoubleArray, access=READ, connection=link]
INFO[000]:      regCoeff [class=jams.data.JAMSDoubleArray, access=READ, connection=link]
INFO[000]:      rsqThreshold [class=jams.data.JAMSDouble, access=READ, connection=value]
INFO[000]:      statWeights [class=jams.data.JAMSDoubleArray, access=READ, connection=link]
INFO[000]:      dataValue [class=jams.data.JAMSDouble, access=WRITE, connection=link]
INFO[000]:      elevationCorrection [class=jams.data.JAMSBoolean, access=READ, connection=value]
INFO[000]:      statElevation [class=jams.data.JAMSDoubleArray, access=READ, connection=link]
INFO[000]:      nidw [class=jams.data.JAMSInteger, access=READ, connection=value]
INFO[000]:      entityElevation [class=jams.data.JAMSDouble, access=READ, connection=link]
INFO[000]:      fixedMinimum [class=jams.data.JAMSDouble, access=READ, connection=value]
INFO[000]:      statOrder [class=jams.data.JAMSIntegerArray, access=READ, connection=link]
INFO[000]: SunhRegionaliser [classID=021, className=org.unijena.j2k.regionalisation.Regionalisation]
INFO[000]:      dataCaching [class=jams.data.JAMSInteger, access=READ, connection=link]
INFO[000]:      dataArray [class=jams.data.JAMSDoubleArray, access=READ, connection=link]
INFO[000]:      regCoeff [class=jams.data.JAMSDoubleArray, access=READ, connection=link]
INFO[000]:      rsqThreshold [class=jams.data.JAMSDouble, access=READ, connection=value]
INFO[000]:      statWeights [class=jams.data.JAMSDoubleArray, access=READ, connection=link]
INFO[000]:      dataValue [class=jams.data.JAMSDouble, access=WRITE, connection=link]
INFO[000]:      elevationCorrection [class=jams.data.JAMSBoolean, access=READ, connection=value]
INFO[000]:      statElevation [class=jams.data.JAMSDoubleArray, access=READ, connection=link]
INFO[000]:      nidw [class=jams.data.JAMSInteger, access=READ, connection=value]
INFO[000]:      entityElevation [class=jams.data.JAMSDouble, access=READ, connection=link]
INFO[000]:      fixedMinimum [class=jams.data.JAMSDouble, access=READ, connection=value]
INFO[000]:      statOrder [class=jams.data.JAMSIntegerArray, access=READ, connection=link]
INFO[000]: WindRegionaliser [classID=021, className=org.unijena.j2k.regionalisation.Regionalisation]
INFO[000]:      dataCaching [class=jams.data.JAMSInteger, access=READ, connection=link]
INFO[000]:      dataArray [class=jams.data.JAMSDoubleArray, access=READ, connection=link]
INFO[000]:      regCoeff [class=jams.data.JAMSDoubleArray, access=READ, connection=link]
INFO[000]:      rsqThreshold [class=jams.data.JAMSDouble, access=READ, connection=value]
INFO[000]:      statWeights [class=jams.data.JAMSDoubleArray, access=READ, connection=link]
INFO[000]:      dataValue [class=jams.data.JAMSDouble, access=WRITE, connection=link]
INFO[000]:      elevationCorrection [class=jams.data.JAMSBoolean, access=READ, connection=value]
INFO[000]:      statElevation [class=jams.data.JAMSDoubleArray, access=READ, connection=link]
INFO[000]:      nidw [class=jams.data.JAMSInteger, access=READ, connection=value]
INFO[000]:      entityElevation [class=jams.data.JAMSDouble, access=READ, connection=link]
INFO[000]:      fixedMinimum [class=jams.data.JAMSDouble, access=READ, connection=value]
INFO[000]:      statOrder [class=jams.data.JAMSIntegerArray, access=READ, connection=link]
INFO[000]: CalcRelativeHumidity [classID=022, className=org.unijena.j2k.inputData.CalcRelativeHumidity]
INFO[000]:      rhum [class=jams.data.JAMSDouble, access=WRITE, connection=link]
INFO[000]:      ahum [class=jams.data.JAMSDouble, access=READ, connection=link]
INFO[000]:      tmean [class=jams.data.JAMSDouble, access=READ, connection=link]
INFO[000]: CalcDailySolarRadiation [classID=023, className=org.unijena.j2k.radiation.CalcDailySolarRadiation]
INFO[000]:      actExtRad [class=jams.data.JAMSDouble, access=READ, connection=link]
INFO[000]:      sunh [class=jams.data.JAMSDouble, access=READ, connection=link]
INFO[000]:      dataCaching [class=jams.data.JAMSInteger, access=READ, connection=link]
INFO[000]:      time [class=jams.data.JAMSCalendar, access=READ, connection=link]
INFO[000]:      angstrom_b [class=jams.data.JAMSDouble, access=READ, connection=value]
INFO[000]:      actSlAsCf [class=jams.data.JAMSDouble, access=READ, connection=link]
INFO[000]:      angstrom_a [class=jams.data.JAMSDouble, access=READ, connection=value]
INFO[000]:      latitude [class=jams.data.JAMSDouble, access=READ, connection=link]
INFO[000]:      solRad [class=jams.data.JAMSDouble, access=WRITE, connection=link]
INFO[000]: CalcDailyNetRadiation [classID=024, className=org.unijena.j2k.radiation.CalcDailyNetRadiation]
INFO[000]:      albedo [class=jams.data.JAMSDouble, access=READ, connection=link]
INFO[000]:      dataCaching [class=jams.data.JAMSInteger, access=READ, connection=link]
INFO[000]:      rhum [class=jams.data.JAMSDouble, access=READ, connection=link]
INFO[000]:      swRad [class=jams.data.JAMSDouble, access=WRITE, connection=link]
INFO[000]:      extRad [class=jams.data.JAMSDouble, access=READ, connection=link]
INFO[000]:      elevation [class=jams.data.JAMSDouble, access=READ, connection=link]
INFO[000]:      lwRad [class=jams.data.JAMSDouble, access=WRITE, connection=link]
INFO[000]:      tmean [class=jams.data.JAMSDouble, access=READ, connection=link]
INFO[000]:      netRad [class=jams.data.JAMSDouble, access=WRITE, connection=link]
INFO[000]:      solRad [class=jams.data.JAMSDouble, access=READ, connection=link]
INFO[000]: CalcRefET [classID=025, className=org.unijena.j2k.potET.RefET]
INFO[000]:      wind [class=jams.data.JAMSDouble, access=READ, connection=link]
INFO[000]:      dataCaching [class=jams.data.JAMSInteger, access=READ, connection=link]
INFO[000]:      rhum [class=jams.data.JAMSDouble, access=READ, connection=link]
INFO[000]:      area [class=jams.data.JAMSDouble, access=READ, connection=link]
INFO[000]:      actET [class=jams.data.JAMSDouble, access=WRITE, connection=link]
INFO[000]:      elevation [class=jams.data.JAMSDouble, access=READ, connection=link]
INFO[000]:      tempRes [class=jams.data.JAMSString, access=READ, connection=value]
INFO[000]:      tmean [class=jams.data.JAMSDouble, access=READ, connection=link]
INFO[000]:      refET [class=jams.data.JAMSDouble, access=WRITE, connection=link]
INFO[000]:      netRad [class=jams.data.JAMSDouble, access=READ, connection=link]
INFO[000]: CalcPotentialET [classID=026, className=org.unijena.j2k.potET.PenmanMonteith]
INFO[000]:      wind [class=jams.data.JAMSDouble, access=READ, connection=link]
INFO[000]:      dataCaching [class=jams.data.JAMSInteger, access=READ, connection=link]
INFO[000]:      actRsc0 [class=jams.data.JAMSDouble, access=READ, connection=link]
INFO[000]:      elevation [class=jams.data.JAMSDouble, access=READ, connection=link]
INFO[000]:      actEffH [class=jams.data.JAMSDouble, access=READ, connection=link]
INFO[000]:      ra [class=jams.data.JAMSDouble, access=WRITE, connection=link]
INFO[000]:      rhum [class=jams.data.JAMSDouble, access=READ, connection=link]
INFO[000]:      area [class=jams.data.JAMSDouble, access=READ, connection=link]
INFO[000]:      actET [class=jams.data.JAMSDouble, access=WRITE, connection=link]
INFO[000]:      rs [class=jams.data.JAMSDouble, access=WRITE, connection=link]
INFO[000]:      actLAI [class=jams.data.JAMSDouble, access=READ, connection=link]
INFO[000]:      potET [class=jams.data.JAMSDouble, access=WRITE, connection=link]
INFO[000]:      tempRes [class=jams.data.JAMSString, access=READ, connection=value]
INFO[000]:      tmean [class=jams.data.JAMSDouble, access=READ, connection=link]
INFO[000]:      netRad [class=jams.data.JAMSDouble, access=READ, connection=link]
INFO[000]: CalcRainSnowParts [classID=027, className=org.unijena.j2k.snow.CalcRainSnowParts]
INFO[000]:      snow_trans [class=jams.data.JAMSDouble, access=READ, connection=link]
INFO[000]:      snow_trs [class=jams.data.JAMSDouble, access=READ, connection=link]
INFO[000]:      area [class=jams.data.JAMSDouble, access=READ, connection=link]
INFO[000]:      precip [class=jams.data.JAMSDouble, access=READ, connection=link]
INFO[000]:      snow [class=jams.data.JAMSDouble, access=WRITE, connection=link]
INFO[000]:      tmin [class=jams.data.JAMSDouble, access=READ, connection=link]
INFO[000]:      tmean [class=jams.data.JAMSDouble, access=READ, connection=link]
INFO[000]:      rain [class=jams.data.JAMSDouble, access=WRITE, connection=link]
INFO[000]: J2KProcessInterception [classID=028, className=org.unijena.j2k.interception.J2KProcessInterception]
INFO[000]:      snow_trs [class=jams.data.JAMSDouble, access=READ, connection=link]
INFO[000]:      netSnow [class=jams.data.JAMSDouble, access=WRITE, connection=link]
INFO[000]:      a_snow [class=jams.data.JAMSDouble, access=READ, connection=value]
INFO[000]:      intercStorage [class=jams.data.JAMSDouble, access=READWRITE, connection=link]
INFO[000]:      throughfall [class=jams.data.JAMSDouble, access=WRITE, connection=link]
INFO[000]:      netRain [class=jams.data.JAMSDouble, access=WRITE, connection=link]
INFO[000]:      snow_trans [class=jams.data.JAMSDouble, access=READ, connection=link]
INFO[000]:      a_rain [class=jams.data.JAMSDouble, access=READ, connection=value]
INFO[000]:      area [class=jams.data.JAMSDouble, access=READ, connection=link]
INFO[000]:      actET [class=jams.data.JAMSDouble, access=READWRITE, connection=link]
INFO[000]:      snow [class=jams.data.JAMSDouble, access=READ, connection=link]
INFO[000]:      actLAI [class=jams.data.JAMSDouble, access=READ, connection=link]
INFO[000]:      potET [class=jams.data.JAMSDouble, access=READ, connection=link]
INFO[000]:      tmean [class=jams.data.JAMSDouble, access=READ, connection=link]
INFO[000]:      rain [class=jams.data.JAMSDouble, access=READ, connection=link]
INFO[000]:      interception [class=jams.data.JAMSDouble, access=WRITE, connection=link]
INFO[000]: J2KProcessSnow [classID=029, className=org.unijena.j2k.snow.J2KProcessSnow]
INFO[000]:      totDens [class=jams.data.JAMSDouble, access=READWRITE, connection=link]
INFO[000]:      ccf_factor [class=jams.data.JAMSDouble, access=READ, connection=value]
INFO[000]:      r_factor [class=jams.data.JAMSDouble, access=READ, connection=value]
INFO[000]:      netRain [class=jams.data.JAMSDouble, access=READWRITE, connection=link]
INFO[000]:      minTemp [class=jams.data.JAMSDouble, access=READ, connection=link]
INFO[000]:      snowColdContent [class=jams.data.JAMSDouble, access=READWRITE, connection=link]
INFO[000]:      baseTemp [class=jams.data.JAMSDouble, access=READ, connection=value]
INFO[000]:      dryDens [class=jams.data.JAMSDouble, access=READWRITE, connection=link]
INFO[000]:      area [class=jams.data.JAMSDouble, access=READ, connection=link]
INFO[000]:      snowAge [class=jams.data.JAMSDouble, access=READWRITE, connection=link]
INFO[000]:      snowTotSWE [class=jams.data.JAMSDouble, access=READWRITE, connection=link]
INFO[000]:      snowDepth [class=jams.data.JAMSDouble, access=READWRITE, connection=link]
INFO[000]:      g_factor [class=jams.data.JAMSDouble, access=READ, connection=value]
INFO[000]:      netSnow [class=jams.data.JAMSDouble, access=READWRITE, connection=link]
INFO[000]:      t_factor [class=jams.data.JAMSDouble, access=READ, connection=value]
INFO[000]:      meanTemp [class=jams.data.JAMSDouble, access=READ, connection=link]
INFO[000]:      drySWE [class=jams.data.JAMSDouble, access=READWRITE, connection=link]
INFO[000]:      maxTemp [class=jams.data.JAMSDouble, access=READ, connection=link]
INFO[000]:      actSlAsCf [class=jams.data.JAMSDouble, access=READ, connection=link]
INFO[000]:      snowCritDens [class=jams.data.JAMSDouble, access=READ, connection=value]
INFO[000]:      active [class=jams.data.JAMSBoolean, access=READ, connection=value]
INFO[000]:      snowMelt [class=jams.data.JAMSDouble, access=WRITE, connection=link]
INFO[000]: J2KProcessLumpedSoilWater [classID=030, className=org.unijena.j2k.soilWater.J2KProcessLumpedSoilWater]
INFO[000]:      genRD1 [class=jams.data.JAMSDouble, access=WRITE, connection=link]
INFO[000]:      soilDiffMPSLPS [class=jams.data.JAMSDouble, access=READ, connection=value]
INFO[000]:      soilMaxInfWinter [class=jams.data.JAMSDouble, access=READ, connection=value]
INFO[000]:      soilOutLPS [class=jams.data.JAMSDouble, access=READ, connection=value]
INFO[000]:      inRD2 [class=jams.data.JAMSDouble, access=READWRITE, connection=link]
INFO[000]:      inRD1 [class=jams.data.JAMSDouble, access=READWRITE, connection=link]
INFO[000]:      actLPS [class=jams.data.JAMSDouble, access=READWRITE, connection=link]
INFO[000]:      soilConcRD1 [class=jams.data.JAMSDouble, access=READ, connection=value]
INFO[000]:      soilConcRD2 [class=jams.data.JAMSDouble, access=READ, connection=value]
INFO[000]:      sealedGrade [class=jams.data.JAMSDouble, access=READ, connection=link]
INFO[000]:      netRain [class=jams.data.JAMSDouble, access=READWRITE, connection=link]
INFO[000]:      soilPolRed [class=jams.data.JAMSDouble, access=READ, connection=value]
INFO[000]:      outRD2 [class=jams.data.JAMSDouble, access=WRITE, connection=link]
INFO[000]:      time [class=jams.data.JAMSCalendar, access=READ, connection=link]
INFO[000]:      soilImpLT80 [class=jams.data.JAMSDouble, access=READ, connection=value]
INFO[000]:      soilImpGT80 [class=jams.data.JAMSDouble, access=READ, connection=value]
INFO[000]:      area [class=jams.data.JAMSDouble, access=READ, connection=link]
INFO[000]:      outRD1 [class=jams.data.JAMSDouble, access=WRITE, connection=link]
INFO[000]:      satSoil [class=jams.data.JAMSDouble, access=READWRITE, connection=link]
INFO[000]:      soilLinRed [class=jams.data.JAMSDouble, access=READ, connection=value]
INFO[000]:      slope [class=jams.data.JAMSDouble, access=READ, connection=link]
INFO[000]:      satMPS [class=jams.data.JAMSDouble, access=READWRITE, connection=link]
INFO[000]:      percolation [class=jams.data.JAMSDouble, access=WRITE, connection=link]
INFO[000]:      snowDepth [class=jams.data.JAMSDouble, access=READ, connection=link]
INFO[000]:      genRD2 [class=jams.data.JAMSDouble, access=WRITE, connection=link]
INFO[000]:      satLPS [class=jams.data.JAMSDouble, access=READWRITE, connection=link]
INFO[000]:      soilMaxDPS [class=jams.data.JAMSDouble, access=READ, connection=value]
INFO[000]:      soilMaxPerc [class=jams.data.JAMSDouble, access=READ, connection=value]
INFO[000]:      soilDistMPSLPS [class=jams.data.JAMSDouble, access=READ, connection=value]
INFO[000]:      netSnow [class=jams.data.JAMSDouble, access=READWRITE, connection=link]
INFO[000]:      interflow [class=jams.data.JAMSDouble, access=WRITE, connection=link]
INFO[000]:      maxMPS [class=jams.data.JAMSDouble, access=READ, connection=link]
INFO[000]:      soilMaxInfSummer [class=jams.data.JAMSDouble, access=READ, connection=value]
INFO[000]:      maxLPS [class=jams.data.JAMSDouble, access=READ, connection=link]
INFO[000]:      soilMaxInfSnow [class=jams.data.JAMSDouble, access=READ, connection=value]
INFO[000]:      soilLatVertLPS [class=jams.data.JAMSDouble, access=READ, connection=value]
INFO[000]:      actDPS [class=jams.data.JAMSDouble, access=READWRITE, connection=link]
INFO[000]:      actET [class=jams.data.JAMSDouble, access=READWRITE, connection=link]
INFO[000]:      infiltration [class=jams.data.JAMSDouble, access=WRITE, connection=link]
INFO[000]:      actMPS [class=jams.data.JAMSDouble, access=READWRITE, connection=link]
INFO[000]:      potET [class=jams.data.JAMSDouble, access=READ, connection=link]
INFO[000]:      snowMelt [class=jams.data.JAMSDouble, access=READ, connection=link]
INFO[000]: J2KProcessGroundwater [classID=031, className=org.unijena.j2k.groundwater.J2KProcessGroundwater]
INFO[000]:      maxSoilStorage [class=jams.data.JAMSDouble, access=READ, connection=link]
INFO[000]:      actSoilStorage [class=jams.data.JAMSDouble, access=READ, connection=link]
INFO[000]:      gwExcess [class=jams.data.JAMSDouble, access=READWRITE, connection=link]
INFO[000]:      gwRG2Fact [class=jams.data.JAMSDouble, access=READ, connection=value]
INFO[000]:      outRG1 [class=jams.data.JAMSDouble, access=WRITE, connection=link]
INFO[000]:      outRG2 [class=jams.data.JAMSDouble, access=WRITE, connection=link]
INFO[000]:      maxRG2 [class=jams.data.JAMSDouble, access=READ, connection=link]
INFO[000]:      maxRG1 [class=jams.data.JAMSDouble, access=READ, connection=link]
INFO[000]:      gwRG1RG2dist [class=jams.data.JAMSDouble, access=READ, connection=value]
INFO[000]:      inRG1 [class=jams.data.JAMSDouble, access=READWRITE, connection=link]
INFO[000]:      area [class=jams.data.JAMSDouble, access=READ, connection=link]
INFO[000]:      slope [class=jams.data.JAMSDouble, access=READ, connection=link]
INFO[000]:      actRG2 [class=jams.data.JAMSDouble, access=READWRITE, connection=link]
INFO[000]:      actRG1 [class=jams.data.JAMSDouble, access=READWRITE, connection=link]
INFO[000]:      percolation [class=jams.data.JAMSDouble, access=READ, connection=link]
INFO[000]:      genRG1 [class=jams.data.JAMSDouble, access=WRITE, connection=link]
INFO[000]:      gwCapRise [class=jams.data.JAMSDouble, access=READ, connection=value]
INFO[000]:      gwRG1Fact [class=jams.data.JAMSDouble, access=READ, connection=value]
INFO[000]:      genRG2 [class=jams.data.JAMSDouble, access=WRITE, connection=link]
INFO[000]:      kRG2 [class=jams.data.JAMSDouble, access=READ, connection=link]
INFO[000]:      kRG1 [class=jams.data.JAMSDouble, access=READ, connection=link]
INFO[000]:      inRG2 [class=jams.data.JAMSDouble, access=READWRITE, connection=link]
INFO[000]: TemporalSumAggregator1 [classID=032, className=jams.components.aggregate.TemporalSumAggregator]
INFO[000]:      time [class=jams.data.Attribute$Calendar, access=READ, connection=link]
INFO[000]:      weight [class=jams.data.Attribute$Double, access=READ, connection=link]
INFO[000]:      value [class=[Ljams.data.Attribute$Double;, access=READ, connection=link]
INFO[000]:      sum [class=[Ljams.data.Attribute$Double;, access=READWRITE, connection=link]
INFO[000]:      aggregationTimeInterval [class=jams.data.Attribute$TimeInterval, access=READ, connection=link]
INFO[000]:      average [class=jams.data.Attribute$Boolean, access=READ, connection=value]
INFO[000]: J2KProcessRouting [classID=033, className=org.unijena.j2k.routing.J2KProcessRouting]
INFO[000]:      toPoly [class=jams.data.Attribute$Entity, access=READWRITE, connection=link]
INFO[000]:      inRD2 [class=jams.data.JAMSDouble, access=READWRITE, connection=link]
INFO[000]:      inRD1 [class=jams.data.JAMSDouble, access=READWRITE, connection=link]
INFO[000]:      outRG1 [class=jams.data.JAMSDouble, access=READWRITE, connection=link]
INFO[000]:      outRG2 [class=jams.data.JAMSDouble, access=READWRITE, connection=link]
INFO[000]:      entities [class=jams.data.JAMSEntityCollection, access=READ, connection=link]
INFO[000]:      toReach [class=jams.data.Attribute$Entity, access=READWRITE, connection=link]
INFO[000]:      reaches [class=jams.data.JAMSEntityCollection, access=READ, connection=link]
INFO[000]:      outRD2 [class=jams.data.JAMSDouble, access=READWRITE, connection=link]
INFO[000]:      inRG1 [class=jams.data.JAMSDouble, access=READWRITE, connection=link]
INFO[000]:      outRD1 [class=jams.data.JAMSDouble, access=READWRITE, connection=link]
INFO[000]:      inRG2 [class=jams.data.JAMSDouble, access=READWRITE, connection=link]
INFO[000]: SpatialWeightedSumAggregator1 [classID=034, className=org.unijena.j2k.aggregate.WeightedSumAggregator]
INFO[000]:      weight [class=jams.data.JAMSDouble, access=READ, connection=link]
INFO[000]:      value [class=[Ljams.data.JAMSDouble;, access=READ, connection=link]
INFO[000]:      sum [class=[Ljams.data.JAMSDouble;, access=READWRITE, connection=link]
INFO[000]: SpatialWeightedSumAggregator2 [classID=034, className=org.unijena.j2k.aggregate.WeightedSumAggregator]
INFO[000]:      weight [class=jams.data.JAMSDouble, access=READ, connection=link]
INFO[000]:      value [class=[Ljams.data.JAMSDouble;, access=READ, connection=link]
INFO[000]:      sum [class=[Ljams.data.JAMSDouble;, access=READWRITE, connection=link]
INFO[000]: ReachLoop [classID=006, className=jams.model.JAMSSpatialContext]
INFO[000]:      entities [class=jams.data.Attribute$EntityCollection, access=READ, connection=link]
INFO[000]: J2KProcessReachRouting [classID=035, className=org.unijena.j2k.routing.J2KProcessReachRouting]
INFO[000]:      inRD2 [class=jams.data.JAMSDouble, access=READWRITE, connection=link]
INFO[000]:      inRD1 [class=jams.data.JAMSDouble, access=READWRITE, connection=link]
INFO[000]:      catchmentRD1 [class=jams.data.JAMSDouble, access=WRITE, connection=link]
INFO[000]:      catchmentRD2 [class=jams.data.JAMSDouble, access=WRITE, connection=link]
INFO[000]:      catchmentSimRunoff [class=jams.data.JAMSDouble, access=WRITE, connection=link]
INFO[000]:      outRD2 [class=jams.data.JAMSDouble, access=WRITE, connection=link]
INFO[000]:      outRD1 [class=jams.data.JAMSDouble, access=WRITE, connection=link]
INFO[000]:      slope [class=jams.data.JAMSDouble, access=READ, connection=link]
INFO[000]:      actRG2 [class=jams.data.JAMSDouble, access=READWRITE, connection=link]
INFO[000]:      actRG1 [class=jams.data.JAMSDouble, access=READWRITE, connection=link]
INFO[000]:      length [class=jams.data.JAMSDouble, access=READ, connection=link]
INFO[000]:      flowRouteTA [class=jams.data.JAMSDouble, access=READ, connection=value]
INFO[000]:      simRunoff [class=jams.data.JAMSDouble, access=WRITE, connection=link]
INFO[000]:      outRG1 [class=jams.data.JAMSDouble, access=WRITE, connection=link]
INFO[000]:      width [class=jams.data.JAMSDouble, access=READ, connection=link]
INFO[000]:      outRG2 [class=jams.data.JAMSDouble, access=WRITE, connection=link]
INFO[000]:      catchmentRG2 [class=jams.data.JAMSDouble, access=WRITE, connection=link]
INFO[000]:      roughness [class=jams.data.JAMSDouble, access=READ, connection=link]
INFO[000]:      channelStorage [class=jams.data.JAMSDouble, access=READWRITE, connection=link]
INFO[000]:      entities [class=jams.data.JAMSEntityCollection, access=READ, connection=link]
INFO[000]:      catchmentRG1 [class=jams.data.JAMSDouble, access=WRITE, connection=link]
INFO[000]:      inRG1 [class=jams.data.JAMSDouble, access=READWRITE, connection=link]
INFO[000]:      actRD2 [class=jams.data.JAMSDouble, access=READWRITE, connection=link]
INFO[000]:      actRD1 [class=jams.data.JAMSDouble, access=READWRITE, connection=link]
INFO[000]:      tempRes [class=jams.data.JAMSString, access=READ, connection=value]
INFO[000]:      inRG2 [class=jams.data.JAMSDouble, access=READWRITE, connection=link]
INFO[000]: ChannelStorageAggregator [classID=007, className=org.unijena.j2k.aggregate.SumAggregator]
INFO[000]:      value [class=[Ljams.data.JAMSDouble;, access=READ, connection=link]
INFO[000]:      sum [class=[Ljams.data.JAMSDouble;, access=READWRITE, connection=link]
INFO[000]: FlowWeightedSumAggregator [classID=034, className=org.unijena.j2k.aggregate.WeightedSumAggregator]
INFO[000]:      weight [class=jams.data.JAMSDouble, access=READ, connection=link]
INFO[000]:      value [class=[Ljams.data.JAMSDouble;, access=READ, connection=link]
INFO[000]:      sum [class=[Ljams.data.JAMSDouble;, access=READWRITE, connection=link]
INFO[000]: SimRunoffConverter [classID=036, className=jams.components.tools.JAMSUnitConverter]
INFO[000]:      outUnit [class=jams.data.JAMSString, access=READ, connection=value]
INFO[000]:      outValue [class=jams.data.JAMSDouble, access=WRITE, connection=link]
INFO[000]:      inUnit [class=jams.data.JAMSString, access=READ, connection=value]
INFO[000]:      inValue [class=jams.data.JAMSDouble, access=READ, connection=link]
INFO[000]: ObsRunoff [classID=037, className=org.unijena.j2k.io.StandardTSDataProvider]
INFO[000]:      dataArray [class=jams.data.JAMSDoubleArray, access=READ, connection=link]
INFO[000]:      column [class=jams.data.JAMSInteger, access=READ, connection=value]
INFO[000]:      attribute [class=jams.data.JAMSDouble, access=WRITE, connection=link]
INFO[000]: TSVisualization [classID=001, className=jams.model.JAMSContext]
INFO[000]: Runoff Plot [classID=038, className=jams.components.gui.TSPlot]
INFO[000]:      rightAxisInverted [class=jams.data.JAMSBoolean, access=READ, connection=value]
INFO[000]:      typeLeft [class=jams.data.JAMSInteger, access=READ, connection=value]
INFO[000]:      colorRight [class=jams.data.JAMSStringArray, access=READ, connection=value]
INFO[000]:      colorLeft [class=jams.data.JAMSStringArray, access=READ, connection=value]
INFO[000]:      valueRight [class=[Ljams.data.JAMSDouble;, access=READ, connection=link]
INFO[000]:      time [class=jams.data.JAMSCalendar, access=READ, connection=link]
INFO[000]:      xAxisTitle [class=jams.data.JAMSString, access=READ, connection=value]
INFO[000]:      rightAxisTitle [class=jams.data.JAMSString, access=READ, connection=value]
INFO[000]:      valueLeft [class=[Ljams.data.JAMSDouble;, access=READ, connection=link]
INFO[000]:      typeRight [class=jams.data.JAMSInteger, access=READ, connection=value]
INFO[000]:      titleLeft [class=jams.data.JAMSStringArray, access=READ, connection=value]
INFO[000]:      titleRight [class=jams.data.JAMSStringArray, access=READ, connection=value]
INFO[000]:      dateFormat [class=jams.data.JAMSString, access=READ, connection=value]
INFO[000]:      leftAxisTitle [class=jams.data.JAMSString, access=READ, connection=value]
INFO[000]: Soil moisture plot [classID=038, className=jams.components.gui.TSPlot]
INFO[000]:      typeLeft [class=jams.data.JAMSInteger, access=READ, connection=value]
INFO[000]:      colorLeft [class=jams.data.JAMSStringArray, access=READ, connection=value]
INFO[000]:      time [class=jams.data.JAMSCalendar, access=READ, connection=link]
INFO[000]:      xAxisTitle [class=jams.data.JAMSString, access=READ, connection=value]
INFO[000]:      valueLeft [class=[Ljams.data.JAMSDouble;, access=READ, connection=link]
INFO[000]:      titleLeft [class=jams.data.JAMSStringArray, access=READ, connection=value]
INFO[000]:      dateFormat [class=jams.data.JAMSString, access=READ, connection=value]
INFO[000]:      leftAxisTitle [class=jams.data.JAMSString, access=READ, connection=value]
INFO[000]: SWE-plot [classID=038, className=jams.components.gui.TSPlot]
INFO[000]:      typeLeft [class=jams.data.JAMSInteger, access=READ, connection=value]
INFO[000]:      colorLeft [class=jams.data.JAMSStringArray, access=READ, connection=value]
INFO[000]:      time [class=jams.data.JAMSCalendar, access=READ, connection=link]
INFO[000]:      xAxisTitle [class=jams.data.JAMSString, access=READ, connection=value]
INFO[000]:      valueLeft [class=[Ljams.data.JAMSDouble;, access=READ, connection=link]
INFO[000]:      titleLeft [class=jams.data.JAMSStringArray, access=READ, connection=value]
INFO[000]:      dateFormat [class=jams.data.JAMSString, access=READ, connection=value]
INFO[000]:      leftAxisTitle [class=jams.data.JAMSString, access=READ, connection=value]
INFO[000]: Efficiencies [classID=039, className=org.unijena.j2k.efficiencies.StandardEfficiencyCalculator]
INFO[000]:      dsGrad [class=jams.data.JAMSDouble, access=WRITE, connection=link]
INFO[000]:      effTimeInterval [class=jams.data.JAMSTimeInterval, access=READ, connection=link]
INFO[000]:      ioa1 [class=jams.data.JAMSDouble, access=WRITE, connection=link]
INFO[000]:      grad [class=jams.data.JAMSDouble, access=WRITE, connection=link]
INFO[000]:      ioa2 [class=jams.data.JAMSDouble, access=WRITE, connection=link]
INFO[000]:      rmse [class=jams.data.JAMSDouble, access=WRITE, connection=link]
INFO[000]:      validation [class=jams.data.JAMSDouble, access=READ, connection=link]
INFO[000]:      predictionValues [class=jams.data.JAMSDoubleArray, access=WRITE, connection=link]
INFO[000]:      prediction [class=jams.data.JAMSDouble, access=READ, connection=link]
INFO[000]:      e1 [class=jams.data.JAMSDouble, access=WRITE, connection=link]
INFO[000]:      e2 [class=jams.data.JAMSDouble, access=WRITE, connection=link]
INFO[000]:      absVolErr [class=jams.data.JAMSDouble, access=WRITE, connection=link]
INFO[000]:      wrsq [class=jams.data.JAMSDouble, access=WRITE, connection=link]
INFO[000]:      modelTimeInterval [class=jams.data.Attribute$TimeInterval, access=READ, connection=link]
INFO[000]:      effMethod [class=jams.data.JAMSIntegerArray, access=READ, connection=value]
INFO[000]:      pbias [class=jams.data.JAMSDouble, access=WRITE, connection=link]
INFO[000]:      rsq [class=jams.data.JAMSDouble, access=WRITE, connection=link]
INFO[000]:      le2 [class=jams.data.JAMSDouble, access=WRITE, connection=link]
INFO[000]: MapVisualization [classID=001, className=jams.model.JAMSContext]
INFO[000]: GeometryReader [classID=040, className=jams.components.io.GeomReader]
INFO[000]:      baseShape [class=jams.data.JAMSString, access=WRITE, connection=link]
INFO[000]:      idName [class=jams.data.JAMSString, access=READ, connection=value]
INFO[000]:      hrus [class=jams.data.JAMSEntityCollection, access=READ, connection=link]
INFO[000]:      shapeFileName [class=jams.data.JAMSString, access=READ, connection=value]
INFO[000]: Map [classID=041, className=jams.components.gui.MapCreator]
INFO[000]:      baseShape [class=jams.data.JAMSString, access=READ, connection=link]
INFO[000]:      showAttr [class=jams.data.JAMSStringArray, access=READ, connection=value]
INFO[000]:      styleID [class=jams.data.JAMSInteger, access=READ, connection=value]
INFO[000]:      stylesFileName [class=jams.data.JAMSString, access=READ, connection=value]
INFO[000]:      rangeColor [class=jams.data.JAMSStringArray, access=READ, connection=value]
INFO[000]:      numOfRanges [class=jams.data.JAMSStringArray, access=READ, connection=value]
INFO[000]:      shapeFileName1 [class=jams.data.Attribute$String, access=READ, connection=value]
INFO[000]:      hrus [class=jams.data.JAMSEntityCollection, access=READ, connection=link]
INFO[000]:      shapeColors [class=jams.data.JAMSStringArray, access=READ, connection=value]
INFO[000]: --------------------------------------------------------------------
INFO[000]: Dauer der Modellerzeugung: 3776 ms
INFO[000]: --------------------------------------------------------------------
INFO[000]: Kein Arbeitsverzeichnis definiert, verwende Elternverzeichnis der Modelldefinitionsdatei: ..\..\..\ModelData\JAMS-Gehlberg
INFO[000]: Eingabe-Datastore hinzugefügt: "ahum" aus "C:\Arbeit\JAMS\nbprojects\jams-test\..\..\..\ModelData\JAMS-Gehlberg\input\ahum.xml".
INFO[000]: Eingabe-Datastore hinzugefügt: "hrus" aus "C:\Arbeit\JAMS\nbprojects\jams-test\..\..\..\ModelData\JAMS-Gehlberg\input\hrus.xml".
INFO[000]: Eingabe-Datastore hinzugefügt: "orun" aus "C:\Arbeit\JAMS\nbprojects\jams-test\..\..\..\ModelData\JAMS-Gehlberg\input\orun.xml".
INFO[000]: Eingabe-Datastore hinzugefügt: "rain" aus "C:\Arbeit\JAMS\nbprojects\jams-test\..\..\..\ModelData\JAMS-Gehlberg\input\rain.xml".
INFO[000]: Eingabe-Datastore hinzugefügt: "rcorr2" aus "C:\Arbeit\JAMS\nbprojects\jams-test\..\..\..\ModelData\JAMS-Gehlberg\input\rcorr2.xml".
INFO[000]: Eingabe-Datastore hinzugefügt: "rhum" aus "C:\Arbeit\JAMS\nbprojects\jams-test\..\..\..\ModelData\JAMS-Gehlberg\input\rhum.xml".
INFO[000]: Eingabe-Datastore hinzugefügt: "sunh" aus "C:\Arbeit\JAMS\nbprojects\jams-test\..\..\..\ModelData\JAMS-Gehlberg\input\sunh.xml".
INFO[000]: Eingabe-Datastore hinzugefügt: "tmax" aus "C:\Arbeit\JAMS\nbprojects\jams-test\..\..\..\ModelData\JAMS-Gehlberg\input\tmax.xml".
INFO[000]: Eingabe-Datastore hinzugefügt: "tmean" aus "C:\Arbeit\JAMS\nbprojects\jams-test\..\..\..\ModelData\JAMS-Gehlberg\input\tmean.xml".
INFO[000]: Eingabe-Datastore hinzugefügt: "tmin" aus "C:\Arbeit\JAMS\nbprojects\jams-test\..\..\..\ModelData\JAMS-Gehlberg\input\tmin.xml".
INFO[000]: Eingabe-Datastore hinzugefügt: "wind" aus "C:\Arbeit\JAMS\nbprojects\jams-test\..\..\..\ModelData\JAMS-Gehlberg\input\wind.xml".
INFO[000]: Ausgabe-Datastore hinzugefügt: "HRULoop" aus "C:\Arbeit\JAMS\nbprojects\jams-test\..\..\..\ModelData\JAMS-Gehlberg\output\HRULoop.xml".
INFO[000]: Ausgabe-Datastore hinzugefügt: "optimization_wizard_optimizer" aus "C:\Arbeit\JAMS\nbprojects\jams-test\..\..\..\ModelData\JAMS-Gehlberg\output\optimization_wizard_optimizer.xml".
INFO[000]: Ausgabe-Datastore hinzugefügt: "TimeLoop" aus "C:\Arbeit\JAMS\nbprojects\jams-test\..\..\..\ModelData\JAMS-Gehlberg\output\TimeLoop.xml".
INFO[000]: 
INFO[000]: Starte Simulation
INFO[000]: --------------------------------------------------------------------
INFO[002]: Cycle checking...
INFO[002]: HRUs --> no cycle found
INFO[002]: Create ordered hru-list
INFO[002]: HRU entities read successfully
INFO[002]: Create ordered reach-list
INFO[002]: Reach entities read successfully
INFO[003]: Landuse parameter file processed ...
INFO[004]: Soil parameter file processed ...
INFO[005]: Groundwater parameter file processed ...
INFO[018]: Datastore tmean initialized!
INFO[018]: Datastore tmin initialized!
INFO[018]: Datastore tmax initialized!
INFO[018]: Datastore ahum initialized!
INFO[018]: Datastore rain initialized!
INFO[018]: Datastore sunh initialized!
INFO[018]: Datastore wind initialized!
INFO[018]: Datastore orun initialized!
INFO[039]: effStartdate:	1996-11-01 07:30
INFO[039]: effEnddate:	2000-10-31 07:30
INFO[000]: 
INFO[000]: UNDEFINIERTE KOMPONENTEN-ATTRIBUTE
INFO[000]: --------------------------------------------------------------------
INFO[000]:   Runoff Plot: plotTitle varTitleLeft 
INFO[000]:   Efficiencies: time effMonthList 
INFO[000]:   CalcPotentialET: time 
INFO[000]:   CalcLatLong: entities tempRes 
INFO[000]:   J2KProcessLumpedSoilWater: entity 
INFO[000]:   J2KProcessSnow: time entity snowMeltFormula 
INFO[000]:   Map: shapeFileName2 shapeFileName3 
INFO[000]:   CalcDailySolarRadiation: tempRes 
INFO[000]:   ObsRunoff: corr_factor 
INFO[000]:   CalcRefET: time 
INFO[000]:   RCRichter: dirName fileName 
INFO[000]:   J2KProcessRouting: reservoirs 
INFO[000]:   SWE-plot: plotTitle varTitleLeft titleRight rightAxisInverted 
INFO[000]:   Soil moisture plot: plotTitle varTitleLeft titleRight rightAxisInverted 
INFO[000]:   InitSoilWater: satStartLPS satStartMPS 
INFO[000]:   j2kArrayGrabber: haudeFactorArray 
INFO[000]:   CalcLanduseStateVars: tempRes 
INFO[000]:   J2KProcessReachRouting: reachID 
INFO[000]: --------------------------------------------------------------------
INFO[039]: 
INFO[039]: *************************************************************
INFO[039]: Efficiencies for period:	 1996-11-01 07:30 2000-10-31 07:30 6 1
INFO[039]: Sampler: Efficiencies
INFO[039]: *************************************************************
INFO[039]: e1:		0.49729
INFO[039]: e2:		0.74209
INFO[039]: log_e1:		0.29332
INFO[039]: log_e2:		0.47419
INFO[039]: ioa1:		0.72966
INFO[039]: ioa2:		0.92330
INFO[039]: r²:		0.74480
INFO[039]: grad:		0.77197
INFO[039]: wr²:		0.57496
INFO[039]: dsGrad:		0.92995
INFO[039]: AVE:		29.36328
INFO[039]: RMSE:		0.24663
INFO[000]: --------------------------------------------------------------------
INFO[000]: Dauer der Modellausführung: 26290 ms
INFO[000]: --------------------------------------------------------------------
]]></system-out>
  <system-err><![CDATA[]]></system-err>
</testsuite>
